[ 25%] Built target rrt_prm_astar
[ 50%] Built target drone_commander
[35m[1mConsolidate compiler generated dependencies of target planner_node[0m
[ 75%] Built target standalone_test
[ 87%] [32mBuilding CXX object CMakeFiles/planner_node.dir/src/planner_node.cpp.o[0m
[100%] [32m[1mLinking CXX executable planner_node[0m
[100%] Built target planner_node
-- Install configuration: ""
-- Execute custom install script
-- Symlinking: /home/nova/drone_ws/install/hybrid_planner/lib/hybrid_planner/planner_node
-- Symlinking: /home/nova/drone_ws/install/hybrid_planner/lib/hybrid_planner/drone_commander
-- Symlinking: /home/nova/drone_ws/install/hybrid_planner/lib/hybrid_planner/standalone_test
-- Symlinking: /home/nova/drone_ws/install/hybrid_planner/lib/librrt_prm_astar.a
-- Symlinking: /home/nova/drone_ws/install/hybrid_planner/share/hybrid_planner/launch/sim_launch.py
-- Symlinking: /home/nova/drone_ws/install/hybrid_planner/share/hybrid_planner/rviz/planner_view.rviz
-- Symlinking: /home/nova/drone_ws/install/hybrid_planner/share/hybrid_planner/worlds/obstacle_world.sdf
-- Symlinking: /home/nova/drone_ws/install/hybrid_planner/share/ament_index/resource_index/package_run_dependencies/hybrid_planner
-- Symlinking: /home/nova/drone_ws/install/hybrid_planner/share/ament_index/resource_index/parent_prefix_path/hybrid_planner
-- Symlinking: /home/nova/drone_ws/install/hybrid_planner/share/hybrid_planner/environment/ament_prefix_path.sh
-- Symlinking: /home/nova/drone_ws/install/hybrid_planner/share/hybrid_planner/environment/ament_prefix_path.dsv
-- Symlinking: /home/nova/drone_ws/install/hybrid_planner/share/hybrid_planner/environment/path.sh
-- Symlinking: /home/nova/drone_ws/install/hybrid_planner/share/hybrid_planner/environment/path.dsv
-- Symlinking: /home/nova/drone_ws/install/hybrid_planner/share/hybrid_planner/local_setup.bash
-- Symlinking: /home/nova/drone_ws/install/hybrid_planner/share/hybrid_planner/local_setup.sh
-- Symlinking: /home/nova/drone_ws/install/hybrid_planner/share/hybrid_planner/local_setup.zsh
-- Symlinking: /home/nova/drone_ws/install/hybrid_planner/share/hybrid_planner/local_setup.dsv
-- Symlinking: /home/nova/drone_ws/install/hybrid_planner/share/hybrid_planner/package.dsv
-- Symlinking: /home/nova/drone_ws/install/hybrid_planner/share/ament_index/resource_index/packages/hybrid_planner
-- Symlinking: /home/nova/drone_ws/install/hybrid_planner/share/hybrid_planner/cmake/hybrid_plannerConfig.cmake
-- Symlinking: /home/nova/drone_ws/install/hybrid_planner/share/hybrid_planner/cmake/hybrid_plannerConfig-version.cmake
-- Symlinking: /home/nova/drone_ws/install/hybrid_planner/share/hybrid_planner/package.xml
