[0.066s] DEBUG:colcon:Command line arguments: ['/usr/bin/colcon', 'build', '--symlink-install']
[0.066s] DEBUG:colcon:Parsed command line arguments: Namespace(log_base=None, log_level=None, verb_name='build', build_base='build', install_base='install', merge_install=False, symlink_install=True, test_result_base=None, continue_on_error=False, executor='parallel', parallel_workers=12, event_handlers=None, ignore_user_meta=False, metas=['./colcon.meta'], base_paths=['.'], packages_ignore=None, packages_ignore_regex=None, paths=None, packages_up_to=None, packages_up_to_regex=None, packages_above=None, packages_above_and_dependencies=None, packages_above_depth=None, packages_select_by_dep=None, packages_skip_by_dep=None, packages_skip_up_to=None, packages_select_build_failed=False, packages_skip_build_finished=False, packages_select_test_failures=False, packages_skip_test_passed=False, packages_select=None, packages_skip=None, packages_select_regex=None, packages_skip_regex=None, packages_start=None, packages_end=None, allow_overriding=[], cmake_args=None, cmake_target=None, cmake_target_skip_unavailable=False, cmake_clean_cache=False, cmake_clean_first=False, cmake_force_configure=False, ament_cmake_args=None, catkin_cmake_args=None, catkin_skip_building_tests=False, mixin_files=None, mixin=None, verb_parser=<colcon_mixin.mixin.mixin_argument.MixinArgumentDecorator object at 0x734114d904f0>, verb_extension=<colcon_core.verb.build.BuildVerb object at 0x734114d63b50>, main=<bound method BuildVerb.main of <colcon_core.verb.build.BuildVerb object at 0x734114d63b50>>, mixin_verb=('build',))
[0.091s] Level 1:colcon.colcon_core.package_discovery:discover_packages(colcon_meta) check parameters
[0.091s] Level 1:colcon.colcon_core.package_discovery:discover_packages(recursive) check parameters
[0.091s] Level 1:colcon.colcon_core.package_discovery:discover_packages(ignore) check parameters
[0.091s] Level 1:colcon.colcon_core.package_discovery:discover_packages(path) check parameters
[0.091s] Level 1:colcon.colcon_core.package_discovery:discover_packages(colcon_meta) discover
[0.091s] Level 1:colcon.colcon_core.package_discovery:discover_packages(recursive) discover
[0.091s] INFO:colcon.colcon_core.package_discovery:Crawling recursively for packages in '/home/nova/drone_ws'
[0.091s] Level 1:colcon.colcon_core.package_identification:_identify(.) by extensions ['ignore', 'ignore_ament_install']
[0.092s] Level 1:colcon.colcon_core.package_identification:_identify(.) by extension 'ignore'
[0.092s] Level 1:colcon.colcon_core.package_identification:_identify(.) by extension 'ignore_ament_install'
[0.092s] Level 1:colcon.colcon_core.package_identification:_identify(.) by extensions ['colcon_pkg']
[0.092s] Level 1:colcon.colcon_core.package_identification:_identify(.) by extension 'colcon_pkg'
[0.092s] Level 1:colcon.colcon_core.package_identification:_identify(.) by extensions ['colcon_meta']
[0.092s] Level 1:colcon.colcon_core.package_identification:_identify(.) by extension 'colcon_meta'
[0.092s] Level 1:colcon.colcon_core.package_identification:_identify(.) by extensions ['ros']
[0.092s] Level 1:colcon.colcon_core.package_identification:_identify(.) by extension 'ros'
[0.101s] Level 1:colcon.colcon_core.package_identification:_identify(.) by extensions ['cmake', 'python']
[0.101s] Level 1:colcon.colcon_core.package_identification:_identify(.) by extension 'cmake'
[0.101s] Level 1:colcon.colcon_core.package_identification:_identify(.) by extension 'python'
[0.101s] Level 1:colcon.colcon_core.package_identification:_identify(.) by extensions ['python_setup_py']
[0.101s] Level 1:colcon.colcon_core.package_identification:_identify(.) by extension 'python_setup_py'
[0.101s] Level 1:colcon.colcon_core.package_identification:_identify(build) by extensions ['ignore', 'ignore_ament_install']
[0.101s] Level 1:colcon.colcon_core.package_identification:_identify(build) by extension 'ignore'
[0.101s] Level 1:colcon.colcon_core.package_identification:_identify(build) ignored
[0.101s] Level 1:colcon.colcon_core.package_identification:_identify(install) by extensions ['ignore', 'ignore_ament_install']
[0.101s] Level 1:colcon.colcon_core.package_identification:_identify(install) by extension 'ignore'
[0.101s] Level 1:colcon.colcon_core.package_identification:_identify(install) ignored
[0.101s] Level 1:colcon.colcon_core.package_identification:_identify(log) by extensions ['ignore', 'ignore_ament_install']
[0.101s] Level 1:colcon.colcon_core.package_identification:_identify(log) by extension 'ignore'
[0.102s] Level 1:colcon.colcon_core.package_identification:_identify(log) ignored
[0.102s] Level 1:colcon.colcon_core.package_identification:_identify(src) by extensions ['ignore', 'ignore_ament_install']
[0.102s] Level 1:colcon.colcon_core.package_identification:_identify(src) by extension 'ignore'
[0.102s] Level 1:colcon.colcon_core.package_identification:_identify(src) by extension 'ignore_ament_install'
[0.102s] Level 1:colcon.colcon_core.package_identification:_identify(src) by extensions ['colcon_pkg']
[0.102s] Level 1:colcon.colcon_core.package_identification:_identify(src) by extension 'colcon_pkg'
[0.102s] Level 1:colcon.colcon_core.package_identification:_identify(src) by extensions ['colcon_meta']
[0.102s] Level 1:colcon.colcon_core.package_identification:_identify(src) by extension 'colcon_meta'
[0.102s] Level 1:colcon.colcon_core.package_identification:_identify(src) by extensions ['ros']
[0.102s] Level 1:colcon.colcon_core.package_identification:_identify(src) by extension 'ros'
[0.102s] Level 1:colcon.colcon_core.package_identification:_identify(src) by extensions ['cmake', 'python']
[0.102s] Level 1:colcon.colcon_core.package_identification:_identify(src) by extension 'cmake'
[0.102s] Level 1:colcon.colcon_core.package_identification:_identify(src) by extension 'python'
[0.102s] Level 1:colcon.colcon_core.package_identification:_identify(src) by extensions ['python_setup_py']
[0.102s] Level 1:colcon.colcon_core.package_identification:_identify(src) by extension 'python_setup_py'
[0.102s] Level 1:colcon.colcon_core.package_identification:_identify(src/hybrid_planner) by extensions ['ignore', 'ignore_ament_install']
[0.102s] Level 1:colcon.colcon_core.package_identification:_identify(src/hybrid_planner) by extension 'ignore'
[0.102s] Level 1:colcon.colcon_core.package_identification:_identify(src/hybrid_planner) by extension 'ignore_ament_install'
[0.102s] Level 1:colcon.colcon_core.package_identification:_identify(src/hybrid_planner) by extensions ['colcon_pkg']
[0.102s] Level 1:colcon.colcon_core.package_identification:_identify(src/hybrid_planner) by extension 'colcon_pkg'
[0.102s] Level 1:colcon.colcon_core.package_identification:_identify(src/hybrid_planner) by extensions ['colcon_meta']
[0.102s] Level 1:colcon.colcon_core.package_identification:_identify(src/hybrid_planner) by extension 'colcon_meta'
[0.102s] Level 1:colcon.colcon_core.package_identification:_identify(src/hybrid_planner) by extensions ['ros']
[0.102s] Level 1:colcon.colcon_core.package_identification:_identify(src/hybrid_planner) by extension 'ros'
[0.104s] DEBUG:colcon.colcon_core.package_identification:Package 'src/hybrid_planner' with type 'ros.ament_cmake' and name 'hybrid_planner'
[0.104s] Level 1:colcon.colcon_core.package_discovery:discover_packages(recursive) using defaults
[0.104s] Level 1:colcon.colcon_core.package_discovery:discover_packages(ignore) discover
[0.104s] Level 1:colcon.colcon_core.package_discovery:discover_packages(ignore) using defaults
[0.104s] Level 1:colcon.colcon_core.package_discovery:discover_packages(path) discover
[0.104s] Level 1:colcon.colcon_core.package_discovery:discover_packages(path) using defaults
[0.117s] Level 1:colcon.colcon_core.package_discovery:discover_packages(prefix_path) check parameters
[0.118s] Level 1:colcon.colcon_core.package_discovery:discover_packages(prefix_path) discover
[0.119s] DEBUG:colcon.colcon_installed_package_information.package_discovery:Found 1 installed packages in /home/nova/drone_ws/install
[0.119s] DEBUG:colcon.colcon_installed_package_information.package_discovery:Found 2 installed packages in /home/nova/px4_drone_ws/install
[0.119s] DEBUG:colcon.colcon_installed_package_information.package_discovery:Found 5 installed packages in /home/nova/px4_ros2_ws/install
[0.120s] DEBUG:colcon.colcon_installed_package_information.package_discovery:Found 280 installed packages in /opt/ros/humble
[0.121s] Level 1:colcon.colcon_core.package_discovery:discover_packages(prefix_path) using defaults
[0.140s] Level 5:colcon.colcon_core.verb:set package 'hybrid_planner' build argument 'cmake_args' from command line to 'None'
[0.140s] Level 5:colcon.colcon_core.verb:set package 'hybrid_planner' build argument 'cmake_target' from command line to 'None'
[0.140s] Level 5:colcon.colcon_core.verb:set package 'hybrid_planner' build argument 'cmake_target_skip_unavailable' from command line to 'False'
[0.140s] Level 5:colcon.colcon_core.verb:set package 'hybrid_planner' build argument 'cmake_clean_cache' from command line to 'False'
[0.140s] Level 5:colcon.colcon_core.verb:set package 'hybrid_planner' build argument 'cmake_clean_first' from command line to 'False'
[0.140s] Level 5:colcon.colcon_core.verb:set package 'hybrid_planner' build argument 'cmake_force_configure' from command line to 'False'
[0.140s] Level 5:colcon.colcon_core.verb:set package 'hybrid_planner' build argument 'ament_cmake_args' from command line to 'None'
[0.140s] Level 5:colcon.colcon_core.verb:set package 'hybrid_planner' build argument 'catkin_cmake_args' from command line to 'None'
[0.140s] Level 5:colcon.colcon_core.verb:set package 'hybrid_planner' build argument 'catkin_skip_building_tests' from command line to 'False'
[0.140s] DEBUG:colcon.colcon_core.verb:Building package 'hybrid_planner' with the following arguments: {'ament_cmake_args': None, 'build_base': '/home/nova/drone_ws/build/hybrid_planner', 'catkin_cmake_args': None, 'catkin_skip_building_tests': False, 'cmake_args': None, 'cmake_clean_cache': False, 'cmake_clean_first': False, 'cmake_force_configure': False, 'cmake_target': None, 'cmake_target_skip_unavailable': False, 'install_base': '/home/nova/drone_ws/install/hybrid_planner', 'merge_install': False, 'path': '/home/nova/drone_ws/src/hybrid_planner', 'symlink_install': True, 'test_result_base': None}
[0.140s] INFO:colcon.colcon_core.executor:Executing jobs using 'parallel' executor
[0.141s] DEBUG:colcon.colcon_parallel_executor.executor.parallel:run_until_complete
[0.141s] INFO:colcon.colcon_ros.task.ament_cmake.build:Building ROS package in '/home/nova/drone_ws/src/hybrid_planner' with build type 'ament_cmake'
[0.141s] INFO:colcon.colcon_cmake.task.cmake.build:Building CMake package in '/home/nova/drone_ws/src/hybrid_planner'
[0.143s] INFO:colcon.colcon_core.plugin_system:Skipping extension 'colcon_core.shell.bat': Not used on non-Windows systems
[0.143s] INFO:colcon.colcon_core.shell:Skip shell extension 'powershell' for command environment: Not usable outside of PowerShell
[0.143s] DEBUG:colcon.colcon_core.shell:Skip shell extension 'dsv' for command environment
[0.148s] DEBUG:colcon.colcon_core.event_handler.log_command:Invoking command in '/home/nova/drone_ws/build/hybrid_planner': CMAKE_PREFIX_PATH=${CMAKE_PREFIX_PATH}:/home/nova/px4_drone_ws/install/hybrid_motion_planner:/home/nova/px4_ros2_ws/install/drone_planner:/home/nova/px4_ros2_ws/install/hybrid_motion_planner:/opt/ros/humble /usr/bin/cmake --build /home/nova/drone_ws/build/hybrid_planner -- -j12 -l12
[0.225s] DEBUG:colcon.colcon_core.event_handler.log_command:Invoked command in '/home/nova/drone_ws/build/hybrid_planner' returned '0': CMAKE_PREFIX_PATH=${CMAKE_PREFIX_PATH}:/home/nova/px4_drone_ws/install/hybrid_motion_planner:/home/nova/px4_ros2_ws/install/drone_planner:/home/nova/px4_ros2_ws/install/hybrid_motion_planner:/opt/ros/humble /usr/bin/cmake --build /home/nova/drone_ws/build/hybrid_planner -- -j12 -l12
[0.232s] DEBUG:colcon.colcon_core.event_handler.log_command:Invoking command in '/home/nova/drone_ws/build/hybrid_planner': CMAKE_PREFIX_PATH=${CMAKE_PREFIX_PATH}:/home/nova/px4_drone_ws/install/hybrid_motion_planner:/home/nova/px4_ros2_ws/install/drone_planner:/home/nova/px4_ros2_ws/install/hybrid_motion_planner:/opt/ros/humble /usr/bin/cmake --install /home/nova/drone_ws/build/hybrid_planner
[0.248s] Level 1:colcon.colcon_core.environment:create_environment_scripts_only(hybrid_planner)
[0.249s] DEBUG:colcon.colcon_core.event_handler.log_command:Invoked command in '/home/nova/drone_ws/build/hybrid_planner' returned '0': CMAKE_PREFIX_PATH=${CMAKE_PREFIX_PATH}:/home/nova/px4_drone_ws/install/hybrid_motion_planner:/home/nova/px4_ros2_ws/install/drone_planner:/home/nova/px4_ros2_ws/install/hybrid_motion_planner:/opt/ros/humble /usr/bin/cmake --install /home/nova/drone_ws/build/hybrid_planner
[0.250s] Level 1:colcon.colcon_core.environment:checking '/home/nova/drone_ws/install/hybrid_planner' for CMake module files
[0.251s] Level 1:colcon.colcon_core.environment:checking '/home/nova/drone_ws/install/hybrid_planner' for CMake config files
[0.251s] Level 1:colcon.colcon_core.shell:create_environment_hook('hybrid_planner', 'cmake_prefix_path')
[0.252s] INFO:colcon.colcon_core.shell:Creating environment hook '/home/nova/drone_ws/install/hybrid_planner/share/hybrid_planner/hook/cmake_prefix_path.ps1'
[0.252s] INFO:colcon.colcon_core.shell:Creating environment descriptor '/home/nova/drone_ws/install/hybrid_planner/share/hybrid_planner/hook/cmake_prefix_path.dsv'
[0.253s] INFO:colcon.colcon_core.shell:Creating environment hook '/home/nova/drone_ws/install/hybrid_planner/share/hybrid_planner/hook/cmake_prefix_path.sh'
[0.253s] Level 1:colcon.colcon_core.environment:checking '/home/nova/drone_ws/install/hybrid_planner/lib'
[0.254s] Level 1:colcon.colcon_core.environment:checking '/home/nova/drone_ws/install/hybrid_planner/bin'
[0.254s] Level 1:colcon.colcon_core.environment:checking '/home/nova/drone_ws/install/hybrid_planner/lib/pkgconfig/hybrid_planner.pc'
[0.254s] Level 1:colcon.colcon_core.environment:checking '/home/nova/drone_ws/install/hybrid_planner/lib/python3.10/site-packages'
[0.254s] Level 1:colcon.colcon_core.environment:checking '/home/nova/drone_ws/install/hybrid_planner/bin'
[0.254s] INFO:colcon.colcon_core.shell:Creating package script '/home/nova/drone_ws/install/hybrid_planner/share/hybrid_planner/package.ps1'
[0.255s] INFO:colcon.colcon_core.shell:Creating package descriptor '/home/nova/drone_ws/install/hybrid_planner/share/hybrid_planner/package.dsv'
[0.256s] INFO:colcon.colcon_core.shell:Creating package script '/home/nova/drone_ws/install/hybrid_planner/share/hybrid_planner/package.sh'
[0.257s] INFO:colcon.colcon_core.shell:Creating package script '/home/nova/drone_ws/install/hybrid_planner/share/hybrid_planner/package.bash'
[0.257s] INFO:colcon.colcon_core.shell:Creating package script '/home/nova/drone_ws/install/hybrid_planner/share/hybrid_planner/package.zsh'
[0.258s] Level 1:colcon.colcon_core.environment:create_file_with_runtime_dependencies(/home/nova/drone_ws/install/hybrid_planner/share/colcon-core/packages/hybrid_planner)
[0.258s] Level 1:colcon.colcon_core.environment:create_environment_scripts_only(hybrid_planner)
[0.259s] Level 1:colcon.colcon_core.environment:checking '/home/nova/drone_ws/install/hybrid_planner' for CMake module files
[0.259s] Level 1:colcon.colcon_core.environment:checking '/home/nova/drone_ws/install/hybrid_planner' for CMake config files
[0.259s] Level 1:colcon.colcon_core.shell:create_environment_hook('hybrid_planner', 'cmake_prefix_path')
[0.259s] INFO:colcon.colcon_core.shell:Creating environment hook '/home/nova/drone_ws/install/hybrid_planner/share/hybrid_planner/hook/cmake_prefix_path.ps1'
[0.260s] INFO:colcon.colcon_core.shell:Creating environment descriptor '/home/nova/drone_ws/install/hybrid_planner/share/hybrid_planner/hook/cmake_prefix_path.dsv'
[0.260s] INFO:colcon.colcon_core.shell:Creating environment hook '/home/nova/drone_ws/install/hybrid_planner/share/hybrid_planner/hook/cmake_prefix_path.sh'
[0.261s] Level 1:colcon.colcon_core.environment:checking '/home/nova/drone_ws/install/hybrid_planner/lib'
[0.261s] Level 1:colcon.colcon_core.environment:checking '/home/nova/drone_ws/install/hybrid_planner/bin'
[0.261s] Level 1:colcon.colcon_core.environment:checking '/home/nova/drone_ws/install/hybrid_planner/lib/pkgconfig/hybrid_planner.pc'
[0.261s] Level 1:colcon.colcon_core.environment:checking '/home/nova/drone_ws/install/hybrid_planner/lib/python3.10/site-packages'
[0.261s] Level 1:colcon.colcon_core.environment:checking '/home/nova/drone_ws/install/hybrid_planner/bin'
[0.262s] INFO:colcon.colcon_core.shell:Creating package script '/home/nova/drone_ws/install/hybrid_planner/share/hybrid_planner/package.ps1'
[0.262s] INFO:colcon.colcon_core.shell:Creating package descriptor '/home/nova/drone_ws/install/hybrid_planner/share/hybrid_planner/package.dsv'
[0.263s] INFO:colcon.colcon_core.shell:Creating package script '/home/nova/drone_ws/install/hybrid_planner/share/hybrid_planner/package.sh'
[0.263s] INFO:colcon.colcon_core.shell:Creating package script '/home/nova/drone_ws/install/hybrid_planner/share/hybrid_planner/package.bash'
[0.263s] INFO:colcon.colcon_core.shell:Creating package script '/home/nova/drone_ws/install/hybrid_planner/share/hybrid_planner/package.zsh'
[0.263s] Level 1:colcon.colcon_core.environment:create_file_with_runtime_dependencies(/home/nova/drone_ws/install/hybrid_planner/share/colcon-core/packages/hybrid_planner)
[0.264s] DEBUG:colcon.colcon_parallel_executor.executor.parallel:closing loop
[0.264s] DEBUG:colcon.colcon_parallel_executor.executor.parallel:loop closed
[0.264s] DEBUG:colcon.colcon_parallel_executor.executor.parallel:run_until_complete finished with '0'
[0.264s] DEBUG:colcon.colcon_core.event_reactor:joining thread
[0.267s] INFO:colcon.colcon_core.plugin_system:Skipping extension 'colcon_notification.desktop_notification.terminal_notifier': Not used on non-Darwin systems
[0.267s] INFO:colcon.colcon_core.plugin_system:Skipping extension 'colcon_notification.desktop_notification.win32': Not used on non-Windows systems
[0.267s] INFO:colcon.colcon_notification.desktop_notification:Sending desktop notification using 'notify2'
[0.274s] DEBUG:colcon.colcon_core.event_reactor:joined thread
[0.275s] INFO:colcon.colcon_core.shell:Creating prefix script '/home/nova/drone_ws/install/local_setup.ps1'
[0.275s] INFO:colcon.colcon_core.shell:Creating prefix util module '/home/nova/drone_ws/install/_local_setup_util_ps1.py'
[0.276s] INFO:colcon.colcon_core.shell:Creating prefix chain script '/home/nova/drone_ws/install/setup.ps1'
[0.277s] INFO:colcon.colcon_core.shell:Creating prefix script '/home/nova/drone_ws/install/local_setup.sh'
[0.277s] INFO:colcon.colcon_core.shell:Creating prefix util module '/home/nova/drone_ws/install/_local_setup_util_sh.py'
[0.277s] INFO:colcon.colcon_core.shell:Creating prefix chain script '/home/nova/drone_ws/install/setup.sh'
[0.278s] INFO:colcon.colcon_core.shell:Creating prefix script '/home/nova/drone_ws/install/local_setup.bash'
[0.278s] INFO:colcon.colcon_core.shell:Creating prefix chain script '/home/nova/drone_ws/install/setup.bash'
[0.279s] INFO:colcon.colcon_core.shell:Creating prefix script '/home/nova/drone_ws/install/local_setup.zsh'
[0.279s] INFO:colcon.colcon_core.shell:Creating prefix chain script '/home/nova/drone_ws/install/setup.zsh'
