[0.010s] Invoking command in '/home/nova/drone_ws/build/hybrid_planner': CMAKE_PREFIX_PATH=${CMAKE_PREFIX_PATH}:/home/nova/px4_drone_ws/install/hybrid_motion_planner:/home/nova/px4_ros2_ws/install/drone_planner:/home/nova/px4_ros2_ws/install/hybrid_motion_planner:/opt/ros/humble /usr/bin/cmake --build /home/nova/drone_ws/build/hybrid_planner -- -j12 -l12
[0.067s] [ 25%] Built target rrt_prm_astar
[0.083s] [ 37%] [32mBuilding CXX object CMakeFiles/drone_commander.dir/src/drone_commander.cpp.o[0m
[0.086s] [ 62%] Built target standalone_test
[0.090s] [ 87%] Built target planner_node
[8.906s] [100%] [32m[1mLinking CXX executable drone_commander[0m
[9.437s] [100%] Built target drone_commander
[9.446s] Invoked command in '/home/nova/drone_ws/build/hybrid_planner' returned '0': CMAKE_PREFIX_PATH=${CMAKE_PREFIX_PATH}:/home/nova/px4_drone_ws/install/hybrid_motion_planner:/home/nova/px4_ros2_ws/install/drone_planner:/home/nova/px4_ros2_ws/install/hybrid_motion_planner:/opt/ros/humble /usr/bin/cmake --build /home/nova/drone_ws/build/hybrid_planner -- -j12 -l12
[9.454s] Invoking command in '/home/nova/drone_ws/build/hybrid_planner': CMAKE_PREFIX_PATH=${CMAKE_PREFIX_PATH}:/home/nova/px4_drone_ws/install/hybrid_motion_planner:/home/nova/px4_ros2_ws/install/drone_planner:/home/nova/px4_ros2_ws/install/hybrid_motion_planner:/opt/ros/humble /usr/bin/cmake --install /home/nova/drone_ws/build/hybrid_planner
[9.460s] -- Install configuration: ""
[9.460s] -- Execute custom install script
[9.460s] -- Up-to-date symlink: /home/nova/drone_ws/install/hybrid_planner/lib/hybrid_planner/planner_node
[9.460s] -- Up-to-date symlink: /home/nova/drone_ws/install/hybrid_planner/lib/hybrid_planner/drone_commander
[9.460s] -- Up-to-date symlink: /home/nova/drone_ws/install/hybrid_planner/lib/hybrid_planner/standalone_test
[9.461s] -- Up-to-date symlink: /home/nova/drone_ws/install/hybrid_planner/lib/librrt_prm_astar.a
[9.461s] -- Up-to-date symlink: /home/nova/drone_ws/install/hybrid_planner/share/hybrid_planner/launch/sim_launch.py
[9.461s] -- Up-to-date symlink: /home/nova/drone_ws/install/hybrid_planner/share/hybrid_planner/rviz/planner_view.rviz
[9.461s] -- Up-to-date symlink: /home/nova/drone_ws/install/hybrid_planner/share/hybrid_planner/worlds/obstacle_world.sdf
[9.461s] -- Up-to-date symlink: /home/nova/drone_ws/install/hybrid_planner/share/ament_index/resource_index/package_run_dependencies/hybrid_planner
[9.461s] -- Up-to-date symlink: /home/nova/drone_ws/install/hybrid_planner/share/ament_index/resource_index/parent_prefix_path/hybrid_planner
[9.461s] -- Up-to-date symlink: /home/nova/drone_ws/install/hybrid_planner/share/hybrid_planner/environment/ament_prefix_path.sh
[9.462s] -- Up-to-date symlink: /home/nova/drone_ws/install/hybrid_planner/share/hybrid_planner/environment/ament_prefix_path.dsv
[9.462s] -- Up-to-date symlink: /home/nova/drone_ws/install/hybrid_planner/share/hybrid_planner/environment/path.sh
[9.462s] -- Up-to-date symlink: /home/nova/drone_ws/install/hybrid_planner/share/hybrid_planner/environment/path.dsv
[9.462s] -- Up-to-date symlink: /home/nova/drone_ws/install/hybrid_planner/share/hybrid_planner/local_setup.bash
[9.462s] -- Up-to-date symlink: /home/nova/drone_ws/install/hybrid_planner/share/hybrid_planner/local_setup.sh
[9.462s] -- Up-to-date symlink: /home/nova/drone_ws/install/hybrid_planner/share/hybrid_planner/local_setup.zsh
[9.462s] -- Up-to-date symlink: /home/nova/drone_ws/install/hybrid_planner/share/hybrid_planner/local_setup.dsv
[9.462s] -- Symlinking: /home/nova/drone_ws/install/hybrid_planner/share/hybrid_planner/package.dsv
[9.469s] -- Up-to-date symlink: /home/nova/drone_ws/install/hybrid_planner/share/ament_index/resource_index/packages/hybrid_planner
[9.469s] -- Up-to-date symlink: /home/nova/drone_ws/install/hybrid_planner/share/hybrid_planner/cmake/hybrid_plannerConfig.cmake
[9.469s] -- Up-to-date symlink: /home/nova/drone_ws/install/hybrid_planner/share/hybrid_planner/cmake/hybrid_plannerConfig-version.cmake
[9.469s] -- Up-to-date symlink: /home/nova/drone_ws/install/hybrid_planner/share/hybrid_planner/package.xml
[9.471s] Invoked command in '/home/nova/drone_ws/build/hybrid_planner' returned '0': CMAKE_PREFIX_PATH=${CMAKE_PREFIX_PATH}:/home/nova/px4_drone_ws/install/hybrid_motion_planner:/home/nova/px4_ros2_ws/install/drone_planner:/home/nova/px4_ros2_ws/install/hybrid_motion_planner:/opt/ros/humble /usr/bin/cmake --install /home/nova/drone_ws/build/hybrid_planner
